<?xml version="1.0" encoding="UTF-8"?>
<testng-results ignored="0" total="2" passed="2" failed="0" skipped="0">
  <reporter-output>
  </reporter-output>
  <suite started-at="2021-06-28T13:49:35Z" name="Default suite" finished-at="2021-06-28T13:50:15Z" duration-ms="40128">
    <groups>
    </groups>
    <test started-at="2021-06-28T13:49:35Z" name="Default test" finished-at="2021-06-28T13:50:15Z" duration-ms="40128">
      <class name="Testng.Sampledependency">
        <test-method signature="stUp()[pri:0, instance:Testng.Sampledependency@57576994]" started-at="2021-06-28T13:49:35Z" name="stUp" finished-at="2021-06-28T13:50:12Z" duration-ms="37756" status="PASS">
          <reporter-output>
          </reporter-output>
        </test-method> <!-- stUp -->
        <test-method signature="tearDown()[pri:0, instance:Testng.Sampledependency@57576994]" started-at="2021-06-28T13:50:12Z" name="tearDown" finished-at="2021-06-28T13:50:15Z" duration-ms="2263" status="PASS">
          <reporter-output>
          </reporter-output>
        </test-method> <!-- tearDown -->
      </class> <!-- Testng.Sampledependency -->
    </test> <!-- Default test -->
  </suite> <!-- Default suite -->
</testng-results>
